-------------------------------------------------------------------------------
Test set: TestMultiplication
-------------------------------------------------------------------------------
Tests run: 1, Failures: 1, Errors: 0, Skipped: 0, Time elapsed: 0.029 s <<< FAILURE! - in TestMultiplication
testMultiplication  Time elapsed: 0.024 s  <<< FAILURE!
org.opentest4j.AssertionFailedError: expected: <10> but was: <0>
	at TestMultiplication.testMultiplication(TestMultiplication.java:9)

